2022-03-01 6:38:58 - PHP Warning:  mysqli::__construct(): (HY000/1045): Access denied for user 'root'@'localhost' (using password: YES) in C:\xampp\htdocs\SmartProductStickers\upload\system\library\db\mysqli.php on line 8
2022-03-01 6:39:43 - PHP Warning:  mysqli::__construct(): (HY000/1045): Access denied for user 'root'@'localhost' (using password: YES) in C:\xampp\htdocs\SmartProductStickers\upload\system\library\db\mysqli.php on line 8
2022-03-01 6:40:23 - PHP Warning:  mysqli::__construct(): (HY000/1045): Access denied for user 'root'@'localhost' (using password: YES) in C:\xampp\htdocs\SmartProductStickers\upload\system\library\db\mysqli.php on line 8
2022-03-01 6:41:59 - PHP Warning:  mysqli::__construct(): (HY000/1045): Access denied for user 'root'@'localhost' (using password: YES) in C:\xampp\htdocs\SmartProductStickers\upload\system\library\db\mysqli.php on line 8
2022-03-01 6:46:01 - PHP Warning:  mysqli::__construct(): (HY000/1045): Access denied for user 'admin'@'localhost' (using password: YES) in C:\xampp\htdocs\SmartProductStickers\upload\system\library\db\mysqli.php on line 8
2022-03-01 6:46:30 - PHP Warning:  mysqli::__construct(): (HY000/1045): Access denied for user 'root'@'localhost' (using password: YES) in C:\xampp\htdocs\SmartProductStickers\upload\system\library\db\mysqli.php on line 8
2022-03-01 6:48:14 - PHP Warning:  mysqli::__construct(): (HY000/1045): Access denied for user 'root'@'localhost' (using password: YES) in C:\xampp\htdocs\SmartProductStickers\upload\system\library\db\mysqli.php on line 8
2022-03-01 6:49:35 - PHP Warning:  mysqli::__construct(): (HY000/1045): Access denied for user 'root'@'localhost' (using password: YES) in C:\xampp\htdocs\SmartProductStickers\upload\system\library\db\mysqli.php on line 8
2022-03-12 6:41:31 - PHP Warning:  Undefined array key "productlabel" in C:\xampp\htdocs\SmartProductStickers\upload\admin\controller\extension\module\addlabel.php on line 89
2022-03-12 6:41:31 - PHP Warning:  Undefined array key "Labelposition" in C:\xampp\htdocs\SmartProductStickers\upload\admin\controller\extension\module\addlabel.php on line 94
2022-03-12 6:42:17 - PHP Warning:  Undefined array key "productlabel" in C:\xampp\htdocs\SmartProductStickers\upload\admin\controller\extension\module\addlabel.php on line 89
2022-03-12 6:42:17 - PHP Warning:  Undefined array key "Labelposition" in C:\xampp\htdocs\SmartProductStickers\upload\admin\controller\extension\module\addlabel.php on line 94
2022-03-12 6:43:47 - PHP Warning:  Undefined array key "productlabel" in C:\xampp\htdocs\SmartProductStickers\upload\admin\controller\extension\module\addlabel.php on line 85
2022-03-12 6:43:47 - PHP Warning:  Undefined array key "Labelposition" in C:\xampp\htdocs\SmartProductStickers\upload\admin\controller\extension\module\addlabel.php on line 90
2022-03-12 16:24:38 - PHP Warning:  Undefined array key "productlabel" in C:\xampp\htdocs\SmartProductStickers\upload\admin\controller\extension\module\addlabel.php on line 85
2022-03-12 16:24:38 - PHP Warning:  Undefined array key "Labelposition" in C:\xampp\htdocs\SmartProductStickers\upload\admin\controller\extension\module\addlabel.php on line 90
2022-03-12 16:34:37 - PHP Warning:  Undefined array key "productlabel" in C:\xampp\htdocs\SmartProductStickers\upload\admin\controller\extension\module\addlabel.php on line 85
2022-03-12 16:34:37 - PHP Warning:  Undefined array key "Labelposition" in C:\xampp\htdocs\SmartProductStickers\upload\admin\controller\extension\module\addlabel.php on line 90
2022-03-12 16:35:23 - PHP Warning:  Undefined array key "productlabel" in C:\xampp\htdocs\SmartProductStickers\upload\admin\controller\extension\module\addlabel.php on line 85
2022-03-12 16:35:23 - PHP Warning:  Undefined array key "Labelposition" in C:\xampp\htdocs\SmartProductStickers\upload\admin\controller\extension\module\addlabel.php on line 90
2022-03-12 16:36:45 - PHP Warning:  Undefined array key "productlabel" in C:\xampp\htdocs\SmartProductStickers\upload\admin\controller\extension\module\addlabel.php on line 85
2022-03-12 16:36:45 - PHP Warning:  Undefined array key "Labelposition" in C:\xampp\htdocs\SmartProductStickers\upload\admin\controller\extension\module\addlabel.php on line 90
2022-03-12 16:40:15 - PHP Warning:  Undefined array key "productlabel" in C:\xampp\htdocs\SmartProductStickers\upload\admin\controller\extension\module\addlabel.php on line 85
2022-03-12 16:40:15 - PHP Warning:  Undefined array key "Labelposition" in C:\xampp\htdocs\SmartProductStickers\upload\admin\controller\extension\module\addlabel.php on line 90
2022-03-12 16:42:43 - PHP Warning:  Undefined array key "productlabel" in C:\xampp\htdocs\SmartProductStickers\upload\admin\controller\extension\module\addlabel.php on line 85
2022-03-12 16:42:43 - PHP Warning:  Undefined array key "Labelposition" in C:\xampp\htdocs\SmartProductStickers\upload\admin\controller\extension\module\addlabel.php on line 90
2022-03-12 16:45:21 - PHP Warning:  Undefined array key "productlabel" in C:\xampp\htdocs\SmartProductStickers\upload\admin\controller\extension\module\addlabel.php on line 85
2022-03-12 16:45:21 - PHP Warning:  Undefined array key "Labelposition" in C:\xampp\htdocs\SmartProductStickers\upload\admin\controller\extension\module\addlabel.php on line 90
2022-03-12 16:47:31 - PHP Warning:  Undefined array key "productlabel" in C:\xampp\htdocs\SmartProductStickers\upload\admin\controller\extension\module\addlabel.php on line 85
2022-03-12 16:47:31 - PHP Warning:  Undefined array key "Labelposition" in C:\xampp\htdocs\SmartProductStickers\upload\admin\controller\extension\module\addlabel.php on line 90
2022-03-14 5:54:41 - PHP Warning:  Undefined array key "productlabel" in C:\xampp\htdocs\SmartProductStickers\upload\admin\controller\extension\module\addlabel.php on line 85
2022-03-14 5:54:41 - PHP Warning:  Undefined array key "Labelposition" in C:\xampp\htdocs\SmartProductStickers\upload\admin\controller\extension\module\addlabel.php on line 90
2022-03-14 5:58:18 - PHP Warning:  Undefined array key "Labelposition" in C:\xampp\htdocs\SmartProductStickers\upload\admin\controller\extension\module\addlabel.php on line 87
2022-04-10 11:47:50 - PHP Unknown:  Required parameter $store_id follows optional parameter $product_ids in C:\xampp\htdocs\SmartProductStickers\upload\admin\model\extension\advertise\google.php on line 341
2022-04-10 11:47:50 - PHP Unknown:  Required parameter $store_id follows optional parameter $data in C:\xampp\htdocs\SmartProductStickers\upload\admin\model\extension\advertise\google.php on line 413
2022-04-21 6:55:53 - PHP Unknown:  Required parameter $store_id follows optional parameter $product_ids in C:\xampp\htdocs\SmartProductStickers\upload\admin\model\extension\advertise\google.php on line 341
2022-04-21 6:55:53 - PHP Unknown:  Required parameter $store_id follows optional parameter $data in C:\xampp\htdocs\SmartProductStickers\upload\admin\model\extension\advertise\google.php on line 413
2022-04-21 6:55:53 - PHP Warning:  googleshopping\Googleshopping::integer(): Argument #1 ($product_id) must be passed by reference, value given in C:\xampp\htdocs\SmartProductStickers\upload\system\library\googleshopping\googleshopping.php on line 583
2022-04-21 6:55:53 - PHP Warning:  googleshopping\Googleshopping::integer(): Argument #1 ($product_id) must be passed by reference, value given in C:\xampp\htdocs\SmartProductStickers\upload\system\library\googleshopping\googleshopping.php on line 583
2022-04-21 6:55:53 - PHP Warning:  googleshopping\Googleshopping::integer(): Argument #1 ($product_id) must be passed by reference, value given in C:\xampp\htdocs\SmartProductStickers\upload\system\library\googleshopping\googleshopping.php on line 583
2022-04-22 4:22:38 - PHP Unknown:  Required parameter $store_id follows optional parameter $product_ids in C:\xampp\htdocs\SmartProductStickers\upload\admin\model\extension\advertise\google.php on line 341
2022-04-22 4:22:38 - PHP Unknown:  Required parameter $store_id follows optional parameter $data in C:\xampp\htdocs\SmartProductStickers\upload\admin\model\extension\advertise\google.php on line 413
2022-04-22 4:22:38 - PHP Warning:  googleshopping\Googleshopping::integer(): Argument #1 ($product_id) must be passed by reference, value given in C:\xampp\htdocs\SmartProductStickers\upload\system\library\googleshopping\googleshopping.php on line 583
2022-04-22 4:22:38 - PHP Warning:  googleshopping\Googleshopping::integer(): Argument #1 ($product_id) must be passed by reference, value given in C:\xampp\htdocs\SmartProductStickers\upload\system\library\googleshopping\googleshopping.php on line 583
2022-04-22 4:22:38 - PHP Warning:  googleshopping\Googleshopping::integer(): Argument #1 ($product_id) must be passed by reference, value given in C:\xampp\htdocs\SmartProductStickers\upload\system\library\googleshopping\googleshopping.php on line 583
2022-04-22 4:22:38 - PHP Warning:  googleshopping\Googleshopping::integer(): Argument #1 ($product_id) must be passed by reference, value given in C:\xampp\htdocs\SmartProductStickers\upload\system\library\googleshopping\googleshopping.php on line 583
2022-04-22 4:22:38 - PHP Warning:  googleshopping\Googleshopping::integer(): Argument #1 ($product_id) must be passed by reference, value given in C:\xampp\htdocs\SmartProductStickers\upload\system\library\googleshopping\googleshopping.php on line 583
2022-04-22 4:22:38 - PHP Warning:  googleshopping\Googleshopping::integer(): Argument #1 ($product_id) must be passed by reference, value given in C:\xampp\htdocs\SmartProductStickers\upload\system\library\googleshopping\googleshopping.php on line 583
2022-04-22 5:03:46 - PHP Unknown:  Required parameter $store_id follows optional parameter $product_ids in C:\xampp\htdocs\SmartProductStickers\upload\admin\model\extension\advertise\google.php on line 341
2022-04-22 5:03:46 - PHP Unknown:  Required parameter $store_id follows optional parameter $data in C:\xampp\htdocs\SmartProductStickers\upload\admin\model\extension\advertise\google.php on line 413
2022-04-22 5:03:46 - PHP Warning:  googleshopping\Googleshopping::integer(): Argument #1 ($product_id) must be passed by reference, value given in C:\xampp\htdocs\SmartProductStickers\upload\system\library\googleshopping\googleshopping.php on line 583
2022-04-22 5:03:46 - PHP Warning:  googleshopping\Googleshopping::integer(): Argument #1 ($product_id) must be passed by reference, value given in C:\xampp\htdocs\SmartProductStickers\upload\system\library\googleshopping\googleshopping.php on line 583
2022-04-22 5:03:46 - PHP Warning:  googleshopping\Googleshopping::integer(): Argument #1 ($product_id) must be passed by reference, value given in C:\xampp\htdocs\SmartProductStickers\upload\system\library\googleshopping\googleshopping.php on line 583
2022-04-22 5:04:01 - PHP Unknown:  Required parameter $store_id follows optional parameter $product_ids in C:\xampp\htdocs\SmartProductStickers\upload\admin\model\extension\advertise\google.php on line 341
2022-04-22 5:04:01 - PHP Unknown:  Required parameter $store_id follows optional parameter $data in C:\xampp\htdocs\SmartProductStickers\upload\admin\model\extension\advertise\google.php on line 413
2022-04-22 5:04:01 - PHP Warning:  googleshopping\Googleshopping::integer(): Argument #1 ($product_id) must be passed by reference, value given in C:\xampp\htdocs\SmartProductStickers\upload\system\library\googleshopping\googleshopping.php on line 583
2022-04-22 5:04:01 - PHP Warning:  googleshopping\Googleshopping::integer(): Argument #1 ($product_id) must be passed by reference, value given in C:\xampp\htdocs\SmartProductStickers\upload\system\library\googleshopping\googleshopping.php on line 583
2022-04-22 5:04:01 - PHP Warning:  googleshopping\Googleshopping::integer(): Argument #1 ($product_id) must be passed by reference, value given in C:\xampp\htdocs\SmartProductStickers\upload\system\library\googleshopping\googleshopping.php on line 583
2022-04-22 5:04:01 - PHP Warning:  googleshopping\Googleshopping::integer(): Argument #1 ($product_id) must be passed by reference, value given in C:\xampp\htdocs\SmartProductStickers\upload\system\library\googleshopping\googleshopping.php on line 583
2022-04-22 5:04:01 - PHP Warning:  googleshopping\Googleshopping::integer(): Argument #1 ($product_id) must be passed by reference, value given in C:\xampp\htdocs\SmartProductStickers\upload\system\library\googleshopping\googleshopping.php on line 583
2022-04-22 5:04:01 - PHP Warning:  googleshopping\Googleshopping::integer(): Argument #1 ($product_id) must be passed by reference, value given in C:\xampp\htdocs\SmartProductStickers\upload\system\library\googleshopping\googleshopping.php on line 583
2022-04-22 5:06:13 - PHP Unknown:  Required parameter $store_id follows optional parameter $product_ids in C:\xampp\htdocs\SmartProductStickers\upload\admin\model\extension\advertise\google.php on line 341
2022-04-22 5:06:13 - PHP Unknown:  Required parameter $store_id follows optional parameter $data in C:\xampp\htdocs\SmartProductStickers\upload\admin\model\extension\advertise\google.php on line 413
2022-04-22 5:06:13 - PHP Warning:  googleshopping\Googleshopping::integer(): Argument #1 ($product_id) must be passed by reference, value given in C:\xampp\htdocs\SmartProductStickers\upload\system\library\googleshopping\googleshopping.php on line 583
2022-04-22 5:06:13 - PHP Warning:  googleshopping\Googleshopping::integer(): Argument #1 ($product_id) must be passed by reference, value given in C:\xampp\htdocs\SmartProductStickers\upload\system\library\googleshopping\googleshopping.php on line 583
2022-04-22 5:06:13 - PHP Warning:  googleshopping\Googleshopping::integer(): Argument #1 ($product_id) must be passed by reference, value given in C:\xampp\htdocs\SmartProductStickers\upload\system\library\googleshopping\googleshopping.php on line 583
2022-04-27 10:10:07 - PHP Unknown:  Required parameter $store_id follows optional parameter $product_ids in C:\xampp\htdocs\SmartProductStickers\upload\admin\model\extension\advertise\google.php on line 341
2022-04-27 10:10:07 - PHP Unknown:  Required parameter $store_id follows optional parameter $data in C:\xampp\htdocs\SmartProductStickers\upload\admin\model\extension\advertise\google.php on line 413
2022-04-27 10:10:07 - PHP Warning:  googleshopping\Googleshopping::integer(): Argument #1 ($product_id) must be passed by reference, value given in C:\xampp\htdocs\SmartProductStickers\upload\system\library\googleshopping\googleshopping.php on line 583
2022-04-27 10:10:07 - PHP Warning:  googleshopping\Googleshopping::integer(): Argument #1 ($product_id) must be passed by reference, value given in C:\xampp\htdocs\SmartProductStickers\upload\system\library\googleshopping\googleshopping.php on line 583
2022-04-27 10:10:07 - PHP Warning:  googleshopping\Googleshopping::integer(): Argument #1 ($product_id) must be passed by reference, value given in C:\xampp\htdocs\SmartProductStickers\upload\system\library\googleshopping\googleshopping.php on line 583
2022-04-27 10:10:22 - PHP Unknown:  Required parameter $store_id follows optional parameter $product_ids in C:\xampp\htdocs\SmartProductStickers\upload\admin\model\extension\advertise\google.php on line 341
2022-04-27 10:10:22 - PHP Unknown:  Required parameter $store_id follows optional parameter $data in C:\xampp\htdocs\SmartProductStickers\upload\admin\model\extension\advertise\google.php on line 413
2022-04-27 10:10:22 - PHP Warning:  googleshopping\Googleshopping::integer(): Argument #1 ($product_id) must be passed by reference, value given in C:\xampp\htdocs\SmartProductStickers\upload\system\library\googleshopping\googleshopping.php on line 583
2022-04-27 10:10:22 - PHP Warning:  googleshopping\Googleshopping::integer(): Argument #1 ($product_id) must be passed by reference, value given in C:\xampp\htdocs\SmartProductStickers\upload\system\library\googleshopping\googleshopping.php on line 583
2022-04-27 10:10:22 - PHP Warning:  googleshopping\Googleshopping::integer(): Argument #1 ($product_id) must be passed by reference, value given in C:\xampp\htdocs\SmartProductStickers\upload\system\library\googleshopping\googleshopping.php on line 583
2022-04-27 10:11:03 - PHP Unknown:  Required parameter $store_id follows optional parameter $product_ids in C:\xampp\htdocs\SmartProductStickers\upload\admin\model\extension\advertise\google.php on line 341
2022-04-27 10:11:03 - PHP Unknown:  Required parameter $store_id follows optional parameter $data in C:\xampp\htdocs\SmartProductStickers\upload\admin\model\extension\advertise\google.php on line 413
2022-04-27 10:11:03 - PHP Warning:  googleshopping\Googleshopping::integer(): Argument #1 ($product_id) must be passed by reference, value given in C:\xampp\htdocs\SmartProductStickers\upload\system\library\googleshopping\googleshopping.php on line 583
2022-04-27 10:11:03 - PHP Warning:  googleshopping\Googleshopping::integer(): Argument #1 ($product_id) must be passed by reference, value given in C:\xampp\htdocs\SmartProductStickers\upload\system\library\googleshopping\googleshopping.php on line 583
2022-04-27 10:11:03 - PHP Warning:  googleshopping\Googleshopping::integer(): Argument #1 ($product_id) must be passed by reference, value given in C:\xampp\htdocs\SmartProductStickers\upload\system\library\googleshopping\googleshopping.php on line 583
2022-04-27 10:27:58 - PHP Unknown:  Required parameter $store_id follows optional parameter $product_ids in C:\xampp\htdocs\SmartProductStickers\upload\admin\model\extension\advertise\google.php on line 341
2022-04-27 10:27:58 - PHP Unknown:  Required parameter $store_id follows optional parameter $data in C:\xampp\htdocs\SmartProductStickers\upload\admin\model\extension\advertise\google.php on line 413
2022-04-27 10:27:58 - PHP Warning:  googleshopping\Googleshopping::integer(): Argument #1 ($product_id) must be passed by reference, value given in C:\xampp\htdocs\SmartProductStickers\upload\system\library\googleshopping\googleshopping.php on line 583
2022-04-27 10:27:58 - PHP Warning:  googleshopping\Googleshopping::integer(): Argument #1 ($product_id) must be passed by reference, value given in C:\xampp\htdocs\SmartProductStickers\upload\system\library\googleshopping\googleshopping.php on line 583
2022-04-27 10:27:58 - PHP Warning:  googleshopping\Googleshopping::integer(): Argument #1 ($product_id) must be passed by reference, value given in C:\xampp\htdocs\SmartProductStickers\upload\system\library\googleshopping\googleshopping.php on line 583
2022-04-27 10:27:58 - PHP Warning:  googleshopping\Googleshopping::integer(): Argument #1 ($product_id) must be passed by reference, value given in C:\xampp\htdocs\SmartProductStickers\upload\system\library\googleshopping\googleshopping.php on line 583
2022-04-27 10:27:58 - PHP Warning:  googleshopping\Googleshopping::integer(): Argument #1 ($product_id) must be passed by reference, value given in C:\xampp\htdocs\SmartProductStickers\upload\system\library\googleshopping\googleshopping.php on line 583
2022-04-27 10:27:58 - PHP Warning:  googleshopping\Googleshopping::integer(): Argument #1 ($product_id) must be passed by reference, value given in C:\xampp\htdocs\SmartProductStickers\upload\system\library\googleshopping\googleshopping.php on line 583
2022-04-27 10:48:49 - PHP Unknown:  Required parameter $store_id follows optional parameter $product_ids in C:\xampp\htdocs\SmartProductStickers\upload\admin\model\extension\advertise\google.php on line 341
2022-04-27 10:48:49 - PHP Unknown:  Required parameter $store_id follows optional parameter $data in C:\xampp\htdocs\SmartProductStickers\upload\admin\model\extension\advertise\google.php on line 413
2022-04-27 10:48:49 - PHP Warning:  googleshopping\Googleshopping::integer(): Argument #1 ($product_id) must be passed by reference, value given in C:\xampp\htdocs\SmartProductStickers\upload\system\library\googleshopping\googleshopping.php on line 583
2022-04-27 10:48:49 - PHP Warning:  googleshopping\Googleshopping::integer(): Argument #1 ($product_id) must be passed by reference, value given in C:\xampp\htdocs\SmartProductStickers\upload\system\library\googleshopping\googleshopping.php on line 583
2022-04-27 10:48:50 - PHP Warning:  googleshopping\Googleshopping::integer(): Argument #1 ($product_id) must be passed by reference, value given in C:\xampp\htdocs\SmartProductStickers\upload\system\library\googleshopping\googleshopping.php on line 583
2022-04-27 12:09:13 - PHP Unknown:  Required parameter $store_id follows optional parameter $product_ids in C:\xampp\htdocs\SmartProductStickers\upload\admin\model\extension\advertise\google.php on line 341
2022-04-27 12:09:13 - PHP Unknown:  Required parameter $store_id follows optional parameter $data in C:\xampp\htdocs\SmartProductStickers\upload\admin\model\extension\advertise\google.php on line 413
2022-04-27 12:09:13 - PHP Warning:  googleshopping\Googleshopping::integer(): Argument #1 ($product_id) must be passed by reference, value given in C:\xampp\htdocs\SmartProductStickers\upload\system\library\googleshopping\googleshopping.php on line 583
2022-04-27 12:09:13 - PHP Warning:  googleshopping\Googleshopping::integer(): Argument #1 ($product_id) must be passed by reference, value given in C:\xampp\htdocs\SmartProductStickers\upload\system\library\googleshopping\googleshopping.php on line 583
2022-04-27 12:09:13 - PHP Warning:  googleshopping\Googleshopping::integer(): Argument #1 ($product_id) must be passed by reference, value given in C:\xampp\htdocs\SmartProductStickers\upload\system\library\googleshopping\googleshopping.php on line 583
2022-04-28 14:11:35 - PHP Unknown:  Required parameter $store_id follows optional parameter $product_ids in C:\xampp\htdocs\SmartProductStickers\upload\admin\model\extension\advertise\google.php on line 341
2022-04-28 14:11:35 - PHP Unknown:  Required parameter $store_id follows optional parameter $data in C:\xampp\htdocs\SmartProductStickers\upload\admin\model\extension\advertise\google.php on line 413
2022-04-28 14:11:35 - PHP Warning:  googleshopping\Googleshopping::integer(): Argument #1 ($product_id) must be passed by reference, value given in C:\xampp\htdocs\SmartProductStickers\upload\system\library\googleshopping\googleshopping.php on line 583
2022-04-28 14:11:35 - PHP Warning:  googleshopping\Googleshopping::integer(): Argument #1 ($product_id) must be passed by reference, value given in C:\xampp\htdocs\SmartProductStickers\upload\system\library\googleshopping\googleshopping.php on line 583
2022-04-28 14:11:35 - PHP Warning:  googleshopping\Googleshopping::integer(): Argument #1 ($product_id) must be passed by reference, value given in C:\xampp\htdocs\SmartProductStickers\upload\system\library\googleshopping\googleshopping.php on line 583
2022-05-01 14:59:24 - PHP Unknown:  Required parameter $store_id follows optional parameter $product_ids in C:\xampp\htdocs\SmartProductStickers\upload\admin\model\extension\advertise\google.php on line 341
2022-05-01 14:59:24 - PHP Unknown:  Required parameter $store_id follows optional parameter $data in C:\xampp\htdocs\SmartProductStickers\upload\admin\model\extension\advertise\google.php on line 413
2022-05-02 4:58:27 - PHP Warning:  unlink(C:/xampp/htdocs/SmartProductStickers/upload/system/storage/cache/cache.store.1651471107): No such file or directory in C:\xampp\htdocs\SmartProductStickers\upload\system\library\cache\file.php on line 68
2022-05-02 11:29:13 - PHP Unknown:  Required parameter $store_id follows optional parameter $product_ids in C:\xampp\htdocs\SmartProductStickers\upload\admin\model\extension\advertise\google.php on line 341
2022-05-02 11:29:13 - PHP Unknown:  Required parameter $store_id follows optional parameter $data in C:\xampp\htdocs\SmartProductStickers\upload\admin\model\extension\advertise\google.php on line 413
2022-05-04 6:10:10 - PHP Unknown:  Required parameter $store_id follows optional parameter $product_ids in C:\xampp\htdocs\SmartProductStickers\upload\admin\model\extension\advertise\google.php on line 341
2022-05-04 6:10:10 - PHP Unknown:  Required parameter $store_id follows optional parameter $data in C:\xampp\htdocs\SmartProductStickers\upload\admin\model\extension\advertise\google.php on line 413
2022-05-04 6:10:10 - PHP Warning:  googleshopping\Googleshopping::integer(): Argument #1 ($product_id) must be passed by reference, value given in C:\xampp\htdocs\SmartProductStickers\upload\system\library\googleshopping\googleshopping.php on line 583
2022-05-04 6:10:22 - PHP Unknown:  Required parameter $store_id follows optional parameter $product_ids in C:\xampp\htdocs\SmartProductStickers\upload\admin\model\extension\advertise\google.php on line 341
2022-05-04 6:10:22 - PHP Unknown:  Required parameter $store_id follows optional parameter $data in C:\xampp\htdocs\SmartProductStickers\upload\admin\model\extension\advertise\google.php on line 413
2022-05-04 6:10:22 - PHP Warning:  googleshopping\Googleshopping::integer(): Argument #1 ($product_id) must be passed by reference, value given in C:\xampp\htdocs\SmartProductStickers\upload\system\library\googleshopping\googleshopping.php on line 583
2022-05-04 6:10:22 - PHP Warning:  googleshopping\Googleshopping::integer(): Argument #1 ($product_id) must be passed by reference, value given in C:\xampp\htdocs\SmartProductStickers\upload\system\library\googleshopping\googleshopping.php on line 583
2022-05-04 6:10:22 - PHP Warning:  googleshopping\Googleshopping::integer(): Argument #1 ($product_id) must be passed by reference, value given in C:\xampp\htdocs\SmartProductStickers\upload\system\library\googleshopping\googleshopping.php on line 583
